<?xml version="1.0" encoding="UTF-8"?>
<!-- Generated by org.testng.reporters.JUnitXMLReporter -->
<testsuite hostname="BLRL65062" ignored="0" name="Test" tests="2" failures="0" timestamp="21 Jun 2020 15:23:33 GMT" time="50.677" errors="0">
  <testcase name="Sanity_001_Add_Admin_User_Test" time="16.802" classname="tests.sanity.Sanity_001_Add_Admin_User"/>
  <testcase name="Sanity_002_Add_Admin_User_Test" time="16.359" classname="tests.sanity.Sanity_002_Add_Admin_User"/>
</testsuite> <!-- Test -->
