<?xml version="1.0" encoding="UTF-8"?>
<testng-results skipped="0" failed="0" ignored="0" total="2" passed="2">
  <reporter-output>
    <line>
      <![CDATA[Running... : Sanity_001_Add_Admin_User_Test]]>
    </line>
    <line>
      <![CDATA[The text is entered in the Username field]]>
    </line>
    <line>
      <![CDATA[The text is entered in the Password field]]>
    </line>
    <line>
      <![CDATA[Clicked on the Login button]]>
    </line>
    <line>
      <![CDATA[Element Admin is Visible]]>
    </line>
    <line>
      <![CDATA[Element Users is Visible]]>
    </line>
    <line>
      <![CDATA[Element Users is Visible]]>
    </line>
    <line>
      <![CDATA[Clicked on the Add button]]>
    </line>
    <line>
      <![CDATA[Element Username is present]]>
    </line>
    <line>
      <![CDATA[The option is selected in the User role field]]>
    </line>
    <line>
      <![CDATA[The text is entered in the Employee name field]]>
    </line>
    <line>
      <![CDATA[The text is entered in the Username field]]>
    </line>
    <line>
      <![CDATA[The option is selected in the Status field]]>
    </line>
    <line>
      <![CDATA[The text is entered in the Password field]]>
    </line>
    <line>
      <![CDATA[The text is entered in the Confirm Password field]]>
    </line>
    <line>
      <![CDATA[Element Save button is present]]>
    </line>
    <line>
      <![CDATA[Clicked on the Save button]]>
    </line>
    <line>
      <![CDATA[Running... : Sanity_002_Add_Admin_User_Test]]>
    </line>
    <line>
      <![CDATA[The text is entered in the Username field]]>
    </line>
    <line>
      <![CDATA[The text is entered in the Password field]]>
    </line>
    <line>
      <![CDATA[Clicked on the Login button]]>
    </line>
    <line>
      <![CDATA[Element Admin is Visible]]>
    </line>
    <line>
      <![CDATA[Element Users is Visible]]>
    </line>
    <line>
      <![CDATA[Element Users is Visible]]>
    </line>
    <line>
      <![CDATA[Clicked on the Add button]]>
    </line>
    <line>
      <![CDATA[Element Username is present]]>
    </line>
    <line>
      <![CDATA[The option is selected in the User role field]]>
    </line>
    <line>
      <![CDATA[The text is entered in the Employee name field]]>
    </line>
    <line>
      <![CDATA[The text is entered in the Username field]]>
    </line>
    <line>
      <![CDATA[The option is selected in the Status field]]>
    </line>
    <line>
      <![CDATA[The text is entered in the Password field]]>
    </line>
    <line>
      <![CDATA[The text is entered in the Confirm Password field]]>
    </line>
    <line>
      <![CDATA[Element Save button is present]]>
    </line>
    <line>
      <![CDATA[Clicked on the Save button]]>
    </line>
  </reporter-output>
  <suite name="Suite" duration-ms="50677" started-at="2020-06-21T15:22:43Z" finished-at="2020-06-21T15:23:33Z">
    <groups>
    </groups>
    <test name="Test" duration-ms="50677" started-at="2020-06-21T15:22:43Z" finished-at="2020-06-21T15:23:33Z">
      <class name="tests.sanity.Sanity_002_Add_Admin_User">
        <test-method status="PASS" signature="setUp(org.testng.ITestResult)[pri:0, instance:tests.sanity.Sanity_002_Add_Admin_User@8e0379d]" name="setUp" is-config="true" duration-ms="5852" started-at="2020-06-21T15:23:10Z" finished-at="2020-06-21T15:23:16Z">
          <params>
            <param index="0">
              <value>
                <![CDATA[[TestResult name=Sanity_002_Add_Admin_User_Test status=SUCCESS method=Sanity_002_Add_Admin_User.Sanity_002_Add_Admin_User_Test()[pri:0, instance:tests.sanity.Sanity_002_Add_Admin_User@8e0379d] output=The text is entered in the Username field]]]>
              </value>
            </param>
          </params>
          <reporter-output>
            <line>
              <![CDATA[Running... : Sanity_002_Add_Admin_User_Test]]>
            </line>
          </reporter-output>
        </test-method> <!-- setUp -->
        <test-method status="PASS" signature="Sanity_002_Add_Admin_User_Test()[pri:0, instance:tests.sanity.Sanity_002_Add_Admin_User@8e0379d]" name="Sanity_002_Add_Admin_User_Test" duration-ms="16359" started-at="2020-06-21T15:23:16Z" finished-at="2020-06-21T15:23:32Z">
          <reporter-output>
            <line>
              <![CDATA[The text is entered in the Username field]]>
            </line>
            <line>
              <![CDATA[The text is entered in the Password field]]>
            </line>
            <line>
              <![CDATA[Clicked on the Login button]]>
            </line>
            <line>
              <![CDATA[Element Admin is Visible]]>
            </line>
            <line>
              <![CDATA[Element Users is Visible]]>
            </line>
            <line>
              <![CDATA[Element Users is Visible]]>
            </line>
            <line>
              <![CDATA[Clicked on the Add button]]>
            </line>
            <line>
              <![CDATA[Element Username is present]]>
            </line>
            <line>
              <![CDATA[The option is selected in the User role field]]>
            </line>
            <line>
              <![CDATA[The text is entered in the Employee name field]]>
            </line>
            <line>
              <![CDATA[The text is entered in the Username field]]>
            </line>
            <line>
              <![CDATA[The option is selected in the Status field]]>
            </line>
            <line>
              <![CDATA[The text is entered in the Password field]]>
            </line>
            <line>
              <![CDATA[The text is entered in the Confirm Password field]]>
            </line>
            <line>
              <![CDATA[Element Save button is present]]>
            </line>
            <line>
              <![CDATA[Clicked on the Save button]]>
            </line>
          </reporter-output>
        </test-method> <!-- Sanity_002_Add_Admin_User_Test -->
        <test-method status="PASS" signature="tearDown()[pri:0, instance:tests.sanity.Sanity_002_Add_Admin_User@8e0379d]" name="tearDown" is-config="true" duration-ms="1276" started-at="2020-06-21T15:23:32Z" finished-at="2020-06-21T15:23:33Z">
          <reporter-output>
          </reporter-output>
        </test-method> <!-- tearDown -->
      </class> <!-- tests.sanity.Sanity_002_Add_Admin_User -->
      <class name="tests.sanity.Sanity_001_Add_Admin_User">
        <test-method status="PASS" signature="setUp(org.testng.ITestResult)[pri:0, instance:tests.sanity.Sanity_001_Add_Admin_User@35083305]" name="setUp" is-config="true" duration-ms="8723" started-at="2020-06-21T15:22:43Z" finished-at="2020-06-21T15:22:51Z">
          <params>
            <param index="0">
              <value>
                <![CDATA[[TestResult name=Sanity_001_Add_Admin_User_Test status=SUCCESS method=Sanity_001_Add_Admin_User.Sanity_001_Add_Admin_User_Test()[pri:0, instance:tests.sanity.Sanity_001_Add_Admin_User@35083305] output=The text is entered in the Username field]]]>
              </value>
            </param>
          </params>
          <reporter-output>
            <line>
              <![CDATA[Running... : Sanity_001_Add_Admin_User_Test]]>
            </line>
          </reporter-output>
        </test-method> <!-- setUp -->
        <test-method status="PASS" signature="Sanity_001_Add_Admin_User_Test()[pri:0, instance:tests.sanity.Sanity_001_Add_Admin_User@35083305]" name="Sanity_001_Add_Admin_User_Test" duration-ms="16802" started-at="2020-06-21T15:22:51Z" finished-at="2020-06-21T15:23:08Z">
          <reporter-output>
            <line>
              <![CDATA[The text is entered in the Username field]]>
            </line>
            <line>
              <![CDATA[The text is entered in the Password field]]>
            </line>
            <line>
              <![CDATA[Clicked on the Login button]]>
            </line>
            <line>
              <![CDATA[Element Admin is Visible]]>
            </line>
            <line>
              <![CDATA[Element Users is Visible]]>
            </line>
            <line>
              <![CDATA[Element Users is Visible]]>
            </line>
            <line>
              <![CDATA[Clicked on the Add button]]>
            </line>
            <line>
              <![CDATA[Element Username is present]]>
            </line>
            <line>
              <![CDATA[The option is selected in the User role field]]>
            </line>
            <line>
              <![CDATA[The text is entered in the Employee name field]]>
            </line>
            <line>
              <![CDATA[The text is entered in the Username field]]>
            </line>
            <line>
              <![CDATA[The option is selected in the Status field]]>
            </line>
            <line>
              <![CDATA[The text is entered in the Password field]]>
            </line>
            <line>
              <![CDATA[The text is entered in the Confirm Password field]]>
            </line>
            <line>
              <![CDATA[Element Save button is present]]>
            </line>
            <line>
              <![CDATA[Clicked on the Save button]]>
            </line>
          </reporter-output>
        </test-method> <!-- Sanity_001_Add_Admin_User_Test -->
        <test-method status="PASS" signature="tearDown()[pri:0, instance:tests.sanity.Sanity_001_Add_Admin_User@35083305]" name="tearDown" is-config="true" duration-ms="1639" started-at="2020-06-21T15:23:08Z" finished-at="2020-06-21T15:23:10Z">
          <reporter-output>
          </reporter-output>
        </test-method> <!-- tearDown -->
      </class> <!-- tests.sanity.Sanity_001_Add_Admin_User -->
    </test> <!-- Test -->
  </suite> <!-- Suite -->
</testng-results>
